<?xml version="1.0" encoding="UTF-8"?>
<testng-results skipped="0" failed="0" ignored="0" total="1" passed="1">
  <reporter-output>
  </reporter-output>
  <suite name="Default suite" duration-ms="17252" started-at="2019-01-16T10:53:47Z" finished-at="2019-01-16T10:54:04Z">
    <groups>
    </groups>
    <test name="Default test" duration-ms="17252" started-at="2019-01-16T10:53:47Z" finished-at="2019-01-16T10:54:04Z">
      <class name="DayOne.XMLReadClass">
        <test-method status="PASS" signature="setup()[pri:0, instance:DayOne.XMLReadClass@204f30ec]" name="setup" is-config="true" duration-ms="9352" started-at="2019-01-16T10:53:47Z" finished-at="2019-01-16T10:53:56Z">
          <reporter-output>
          </reporter-output>
        </test-method> <!-- setup -->
        <test-method status="PASS" signature="testSearch()[pri:0, instance:DayOne.XMLReadClass@204f30ec]" name="testSearch" duration-ms="6346" started-at="2019-01-16T10:53:56Z" finished-at="2019-01-16T10:54:02Z">
          <reporter-output>
          </reporter-output>
        </test-method> <!-- testSearch -->
        <test-method status="PASS" signature="tearDown()[pri:0, instance:DayOne.XMLReadClass@204f30ec]" name="tearDown" is-config="true" duration-ms="1529" started-at="2019-01-16T10:54:02Z" finished-at="2019-01-16T10:54:04Z">
          <reporter-output>
          </reporter-output>
        </test-method> <!-- tearDown -->
      </class> <!-- DayOne.XMLReadClass -->
    </test> <!-- Default test -->
  </suite> <!-- Default suite -->
</testng-results>
